<?xml version="1.0" encoding="UTF-8"?>
<testsuite name="com.midiraja.MidirajaCommandTest" tests="2" skipped="0" failures="0" errors="0" timestamp="2026-02-23T09:02:55.610Z" hostname="Sungchului-MacBookPro.local" time="1.003">
  <properties/>
  <testcase name="testPlayMidiWithVolumeScaling(Path)" classname="com.midiraja.MidirajaCommandTest" time="0.99"/>
  <testcase name="testFindPortIndex()" classname="com.midiraja.MidirajaCommandTest" time="0.001"/>
  <system-out><![CDATA[Started playing: test.mid to Mock Port
]]></system-out>
  <system-err><![CDATA[2월 23, 2026 6:02:56 오후 org.jline.utils.Log logr
WARNING: Unable to create a system terminal, creating a dumb terminal (enable debug logging for more information)
Ambiguous port name. Matches:
  [1] FluidSynth virtual port
  [2] Real Time Port
]]></system-err>
</testsuite>
