<?xml version="1.0" encoding="UTF-8"?>
<testsuite name="com.midiraja.engine.PlaybackEngineTest" tests="2" skipped="0" failures="0" errors="0" timestamp="2026-02-23T09:02:56.615Z" hostname="Sungchului-MacBookPro.local" time="0.054">
  <properties/>
  <testcase name="testVolumeControl()" classname="com.midiraja.engine.PlaybackEngineTest" time="0.001"/>
  <testcase name="testSeekBeyondBoundary()" classname="com.midiraja.engine.PlaybackEngineTest" time="0.052"/>
  <system-out><![CDATA[]]></system-out>
  <system-err><![CDATA[]]></system-err>
</testsuite>
